<?xml version="1.0" encoding="UTF-8"?>
<testng-results skipped="0" failed="0" ignored="0" total="1" passed="1">
  <reporter-output>
  </reporter-output>
  <suite name="Default suite" duration-ms="19825" started-at="2024-04-11T19:29:29 IST" finished-at="2024-04-11T19:29:49 IST">
    <groups>
    </groups>
    <test name="Default test" duration-ms="19825" started-at="2024-04-11T19:29:29 IST" finished-at="2024-04-11T19:29:49 IST">
      <class name="testcase.TC_002_Academy">
        <test-method status="PASS" signature="preCondition()[pri:0, instance:testcase.TC_002_Academy@545997b1]" name="preCondition" is-config="true" duration-ms="11798" started-at="2024-04-11T19:29:29 IST" finished-at="2024-04-11T19:29:41 IST">
          <reporter-output>
          </reporter-output>
        </test-method> <!-- preCondition -->
        <test-method status="PASS" signature="AcademyData()[pri:0, instance:testcase.TC_002_Academy@545997b1]" name="AcademyData" duration-ms="7421" started-at="2024-04-11T19:29:41 IST" finished-at="2024-04-11T19:29:49 IST">
          <reporter-output>
          </reporter-output>
        </test-method> <!-- AcademyData -->
        <test-method status="PASS" signature="postCondition()[pri:0, instance:testcase.TC_002_Academy@545997b1]" name="postCondition" is-config="true" duration-ms="559" started-at="2024-04-11T19:29:49 IST" finished-at="2024-04-11T19:29:49 IST">
          <reporter-output>
          </reporter-output>
        </test-method> <!-- postCondition -->
      </class> <!-- testcase.TC_002_Academy -->
    </test> <!-- Default test -->
  </suite> <!-- Default suite -->
</testng-results>
