<?xml version="1.0" encoding="UTF-8"?>
<testng-results skipped="0" failed="0" ignored="0" total="1" passed="1">
  <reporter-output>
  </reporter-output>
  <suite name="Default suite" duration-ms="13663" started-at="2023-10-21T23:31:43 IST" finished-at="2023-10-21T23:31:57 IST">
    <groups>
    </groups>
    <test name="Default test" duration-ms="13663" started-at="2023-10-21T23:31:43 IST" finished-at="2023-10-21T23:31:57 IST">
      <class name="testcase.TC_001_Login">
        <test-method status="PASS" signature="setData()[pri:0, instance:testcase.TC_001_Login@61ca2dfa]" name="setData" is-config="true" duration-ms="10" started-at="2023-10-21T23:31:43 IST" finished-at="2023-10-21T23:31:43 IST">
          <reporter-output>
          </reporter-output>
        </test-method> <!-- setData -->
        <test-method status="PASS" signature="preCondition()[pri:0, instance:testcase.TC_001_Login@61ca2dfa]" name="preCondition" is-config="true" duration-ms="3836" started-at="2023-10-21T23:31:44 IST" finished-at="2023-10-21T23:31:48 IST">
          <reporter-output>
          </reporter-output>
        </test-method> <!-- preCondition -->
        <test-method status="PASS" signature="logindata(java.lang.String,java.lang.String,java.lang.String,java.lang.String,java.lang.String)[pri:0, instance:testcase.TC_001_Login@61ca2dfa]" name="logindata" duration-ms="8924" started-at="2023-10-21T23:31:48 IST" data-provider="fetchData" finished-at="2023-10-21T23:31:57 IST">
          <params>
            <param index="0">
              <value>
                <![CDATA[Demosalesmanager]]>
              </value>
            </param>
            <param index="1">
              <value>
                <![CDATA[crmsfa]]>
              </value>
            </param>
            <param index="2">
              <value>
                <![CDATA[TestLeaf]]>
              </value>
            </param>
            <param index="3">
              <value>
                <![CDATA[Reshma]]>
              </value>
            </param>
            <param index="4">
              <value>
                <![CDATA[W]]>
              </value>
            </param>
          </params>
          <reporter-output>
          </reporter-output>
        </test-method> <!-- logindata -->
        <test-method status="PASS" signature="postCondition()[pri:0, instance:testcase.TC_001_Login@61ca2dfa]" name="postCondition" is-config="true" duration-ms="178" started-at="2023-10-21T23:31:57 IST" finished-at="2023-10-21T23:31:57 IST">
          <reporter-output>
          </reporter-output>
        </test-method> <!-- postCondition -->
      </class> <!-- testcase.TC_001_Login -->
    </test> <!-- Default test -->
  </suite> <!-- Default suite -->
</testng-results>
