<?xml version="1.0" encoding="UTF-8"?>
<testng-results skipped="0" failed="0" ignored="0" total="2" passed="2">
  <reporter-output>
  </reporter-output>
  <suite name="Default suite" duration-ms="11257" started-at="2023-10-21T19:42:21 IST" finished-at="2023-10-21T19:42:32 IST">
    <groups>
    </groups>
    <test name="Default test" duration-ms="11257" started-at="2023-10-21T19:42:21 IST" finished-at="2023-10-21T19:42:32 IST">
      <class name="testcase.TC_001_Login">
        <test-method status="PASS" signature="setData()[pri:0, instance:testcase.TC_001_Login@61ca2dfa]" name="setData" is-config="true" duration-ms="10" started-at="2023-10-21T19:42:21 IST" finished-at="2023-10-21T19:42:21 IST">
          <reporter-output>
          </reporter-output>
        </test-method> <!-- setData -->
        <test-method status="PASS" signature="preCondition()[pri:0, instance:testcase.TC_001_Login@61ca2dfa]" name="preCondition" is-config="true" duration-ms="3222" started-at="2023-10-21T19:42:22 IST" finished-at="2023-10-21T19:42:25 IST">
          <reporter-output>
          </reporter-output>
        </test-method> <!-- preCondition -->
        <test-method status="PASS" signature="logindataTC(java.lang.String,java.lang.String)[pri:0, instance:testcase.TC_001_Login@61ca2dfa]" name="logindataTC" duration-ms="2538" started-at="2023-10-21T19:42:25 IST" data-provider="fetchData" finished-at="2023-10-21T19:42:28 IST">
          <params>
            <param index="0">
              <value>
                <![CDATA[Demosalesmanager]]>
              </value>
            </param>
            <param index="1">
              <value>
                <![CDATA[crmsfa]]>
              </value>
            </param>
          </params>
          <reporter-output>
          </reporter-output>
        </test-method> <!-- logindataTC -->
        <test-method status="PASS" signature="postCondition()[pri:0, instance:testcase.TC_001_Login@61ca2dfa]" name="postCondition" is-config="true" duration-ms="299" started-at="2023-10-21T19:42:28 IST" finished-at="2023-10-21T19:42:28 IST">
          <reporter-output>
          </reporter-output>
        </test-method> <!-- postCondition -->
        <test-method status="PASS" signature="preCondition()[pri:0, instance:testcase.TC_001_Login@61ca2dfa]" name="preCondition" is-config="true" duration-ms="1906" started-at="2023-10-21T19:42:28 IST" finished-at="2023-10-21T19:42:30 IST">
          <reporter-output>
          </reporter-output>
        </test-method> <!-- preCondition -->
        <test-method status="PASS" signature="logindataTC(java.lang.String,java.lang.String)[pri:0, instance:testcase.TC_001_Login@61ca2dfa]" name="logindataTC" duration-ms="2143" started-at="2023-10-21T19:42:30 IST" data-provider="fetchData" finished-at="2023-10-21T19:42:32 IST">
          <params>
            <param index="0">
              <value>
                <![CDATA[DemoCsr]]>
              </value>
            </param>
            <param index="1">
              <value>
                <![CDATA[crmsfa]]>
              </value>
            </param>
          </params>
          <reporter-output>
          </reporter-output>
        </test-method> <!-- logindataTC -->
        <test-method status="PASS" signature="postCondition()[pri:0, instance:testcase.TC_001_Login@61ca2dfa]" name="postCondition" is-config="true" duration-ms="274" started-at="2023-10-21T19:42:32 IST" finished-at="2023-10-21T19:42:32 IST">
          <reporter-output>
          </reporter-output>
        </test-method> <!-- postCondition -->
      </class> <!-- testcase.TC_001_Login -->
    </test> <!-- Default test -->
  </suite> <!-- Default suite -->
</testng-results>
